<?xml version="1.0" encoding="UTF-8"?>
<!-- Generated by org.testng.reporters.JUnitReportReporter -->
<testsuite hostname="DESKTOP-IS455QI" failures="0" tests="1" name="calenderpop.calender" time="23.825" errors="1" timestamp="2021-04-27T16:05:16 IST" skipped="0">
  <testcase classname="calenderpop.calender" name="calenpopup" time="23.825">
    <error message="session not created: This version of ChromeDriver only supports Chrome version 88
Current browser version is 90.0.4430.93 with binary path C:\Program Files\Google\Chrome\Application\chrome.exe
Build info: version: &#039;3.141.59&#039;, revision: &#039;e82be7d358&#039;, time: &#039;2018-11-14T08:17:03&#039;
System info: host: &#039;DESKTOP-IS455QI&#039;, ip: &#039;192.168.110.1&#039;, os.name: &#039;Windows 10&#039;, os.arch: &#039;amd64&#039;, os.version: &#039;10.0&#039;, java.version: &#039;14.0.2&#039;
Driver info: driver.version: ChromeDriver
remote stacktrace: Backtrace:
	GetHandleVerifier [0x00F7B963+483]
	GetHandleVerifier [0x00F7B941+449]
	GetHandleVerifier [0x01323308+3832712]
	GetHandleVerifier [0x0133D69A+3940122]
	GetHandleVerifier [0x01339AFB+3924859]
	GetHandleVerifier [0x01337D9C+3917340]
	GetHandleVerifier [0x0135E7FE+4075646]
	GetHandleVerifier [0x0135E56C+4074988]
	GetHandleVerifier [0x0135B2EB+4062059]
	GetHandleVerifier [0x0133ED14+3945876]
	GetHandleVerifier [0x0133FBCE+3949646]
	GetHandleVerifier [0x0133FB59+3949529]
	Ordinal0 [0x00F3B5CC+46540]
	Ordinal0 [0x00F39F53+40787]
	Ordinal0 [0x00F39B12+39698]
	GetHandleVerifier [0x01241468+2907368]
	GetHandleVerifier [0x010871EE+1096302]
	GetHandleVerifier [0x01043E8D+821005]
	GetHandleVerifier [0x0104396B+819691]
	GetHandleVerifier [0x01043881+819457]
	GetHandleVerifier [0x0106F463+998627]
	BaseThreadInitThunk [0x763FFA29+25]
	RtlGetAppContainerNamedObjectPath [0x77A97A4E+286]
	RtlGetAppContainerNamedObjectPath [0x77A97A1E+238]
" type="org.openqa.selenium.SessionNotCreatedException">
      <![CDATA[org.openqa.selenium.SessionNotCreatedException: session not created: This version of ChromeDriver only supports Chrome version 88
Current browser version is 90.0.4430.93 with binary path C:\Program Files\Google\Chrome\Application\chrome.exe
Build info: version: '3.141.59', revision: 'e82be7d358', time: '2018-11-14T08:17:03'
System info: host: 'DESKTOP-IS455QI', ip: '192.168.110.1', os.name: 'Windows 10', os.arch: 'amd64', os.version: '10.0', java.version: '14.0.2'
Driver info: driver.version: ChromeDriver
remote stacktrace: Backtrace:
GetHandleVerifier [0x00F7B963+483]
GetHandleVerifier [0x00F7B941+449]
GetHandleVerifier [0x01323308+3832712]
GetHandleVerifier [0x0133D69A+3940122]
GetHandleVerifier [0x01339AFB+3924859]
GetHandleVerifier [0x01337D9C+3917340]
GetHandleVerifier [0x0135E7FE+4075646]
GetHandleVerifier [0x0135E56C+4074988]
GetHandleVerifier [0x0135B2EB+4062059]
GetHandleVerifier [0x0133ED14+3945876]
GetHandleVerifier [0x0133FBCE+3949646]
GetHandleVerifier [0x0133FB59+3949529]
Ordinal0 [0x00F3B5CC+46540]
Ordinal0 [0x00F39F53+40787]
Ordinal0 [0x00F39B12+39698]
GetHandleVerifier [0x01241468+2907368]
GetHandleVerifier [0x010871EE+1096302]
GetHandleVerifier [0x01043E8D+821005]
GetHandleVerifier [0x0104396B+819691]
GetHandleVerifier [0x01043881+819457]
GetHandleVerifier [0x0106F463+998627]
BaseThreadInitThunk [0x763FFA29+25]
RtlGetAppContainerNamedObjectPath [0x77A97A4E+286]
RtlGetAppContainerNamedObjectPath [0x77A97A1E+238]

at java.base/jdk.internal.reflect.NativeConstructorAccessorImpl.newInstance0(Native Method)
at java.base/jdk.internal.reflect.NativeConstructorAccessorImpl.newInstance(NativeConstructorAccessorImpl.java:62)
at java.base/jdk.internal.reflect.DelegatingConstructorAccessorImpl.newInstance(DelegatingConstructorAccessorImpl.java:45)
at java.base/java.lang.reflect.Constructor.newInstanceWithCaller(Constructor.java:500)
at java.base/java.lang.reflect.Constructor.newInstance(Constructor.java:481)
at org.openqa.selenium.remote.W3CHandshakeResponse.lambda$errorHandler$0(W3CHandshakeResponse.java:62)
at org.openqa.selenium.remote.HandshakeResponse.lambda$getResponseFunction$0(HandshakeResponse.java:30)
at org.openqa.selenium.remote.ProtocolHandshake.lambda$createSession$0(ProtocolHandshake.java:126)
at java.base/java.util.stream.ReferencePipeline$3$1.accept(ReferencePipeline.java:195)
at java.base/java.util.Spliterators$ArraySpliterator.tryAdvance(Spliterators.java:958)
at java.base/java.util.stream.ReferencePipeline.forEachWithCancel(ReferencePipeline.java:127)
at java.base/java.util.stream.AbstractPipeline.copyIntoWithCancel(AbstractPipeline.java:502)
at java.base/java.util.stream.AbstractPipeline.copyInto(AbstractPipeline.java:488)
at java.base/java.util.stream.AbstractPipeline.wrapAndCopyInto(AbstractPipeline.java:474)
at java.base/java.util.stream.FindOps$FindOp.evaluateSequential(FindOps.java:150)
at java.base/java.util.stream.AbstractPipeline.evaluate(AbstractPipeline.java:234)
at java.base/java.util.stream.ReferencePipeline.findFirst(ReferencePipeline.java:543)
at org.openqa.selenium.remote.ProtocolHandshake.createSession(ProtocolHandshake.java:128)
at org.openqa.selenium.remote.ProtocolHandshake.createSession(ProtocolHandshake.java:74)
at org.openqa.selenium.remote.HttpCommandExecutor.execute(HttpCommandExecutor.java:136)
at org.openqa.selenium.remote.service.DriverCommandExecutor.execute(DriverCommandExecutor.java:83)
at org.openqa.selenium.remote.RemoteWebDriver.execute(RemoteWebDriver.java:552)
at org.openqa.selenium.remote.RemoteWebDriver.startSession(RemoteWebDriver.java:213)
at org.openqa.selenium.remote.RemoteWebDriver.<init>(RemoteWebDriver.java:131)
at org.openqa.selenium.chrome.ChromeDriver.<init>(ChromeDriver.java:181)
at org.openqa.selenium.chrome.ChromeDriver.<init>(ChromeDriver.java:168)
at org.openqa.selenium.chrome.ChromeDriver.<init>(ChromeDriver.java:123)
at calenderpop.calender.calenpopup(calender.java:15)
at java.base/jdk.internal.reflect.NativeMethodAccessorImpl.invoke0(Native Method)
at java.base/jdk.internal.reflect.NativeMethodAccessorImpl.invoke(NativeMethodAccessorImpl.java:62)
at java.base/jdk.internal.reflect.DelegatingMethodAccessorImpl.invoke(DelegatingMethodAccessorImpl.java:43)
at java.base/java.lang.reflect.Method.invoke(Method.java:564)
at org.testng.internal.MethodInvocationHelper.invokeMethod(MethodInvocationHelper.java:134)
at org.testng.internal.TestInvoker.invokeMethod(TestInvoker.java:597)
at org.testng.internal.TestInvoker.invokeTestMethod(TestInvoker.java:173)
at org.testng.internal.MethodRunner.runInSequence(MethodRunner.java:46)
at org.testng.internal.TestInvoker$MethodInvocationAgent.invoke(TestInvoker.java:816)
at org.testng.internal.TestInvoker.invokeTestMethods(TestInvoker.java:146)
at org.testng.internal.TestMethodWorker.invokeTestMethods(TestMethodWorker.java:146)
at org.testng.internal.TestMethodWorker.run(TestMethodWorker.java:128)
at java.base/java.util.ArrayList.forEach(ArrayList.java:1511)
at org.testng.TestRunner.privateRun(TestRunner.java:766)
at org.testng.TestRunner.run(TestRunner.java:587)
at org.testng.SuiteRunner.runTest(SuiteRunner.java:384)
at org.testng.SuiteRunner.runSequentially(SuiteRunner.java:378)
at org.testng.SuiteRunner.privateRun(SuiteRunner.java:337)
at org.testng.SuiteRunner.run(SuiteRunner.java:286)
at org.testng.SuiteRunnerWorker.runSuite(SuiteRunnerWorker.java:53)
at org.testng.SuiteRunnerWorker.run(SuiteRunnerWorker.java:96)
at org.testng.TestNG.runSuitesSequentially(TestNG.java:1187)
at org.testng.TestNG.runSuitesLocally(TestNG.java:1109)
at org.testng.TestNG.runSuites(TestNG.java:1039)
at org.testng.TestNG.run(TestNG.java:1007)
at org.testng.remote.AbstractRemoteTestNG.run(AbstractRemoteTestNG.java:115)
at org.testng.remote.RemoteTestNG.initAndRun(RemoteTestNG.java:251)
at org.testng.remote.RemoteTestNG.main(RemoteTestNG.java:77)
]]>
    </error>
  </testcase> <!-- calenpopup -->
  <system-out/>
</testsuite> <!-- calenderpop.calender -->
